2021-03-15 19:38:55	[32mINFO[0m	consumer/handler.go:32	recv content : Hello            
2021-03-15 19:39:01	[32mINFO[0m	consumer/handler.go:32	recv content : Hello            
2021-03-15 19:39:02	[32mINFO[0m	consumer/handler.go:32	recv content : Hello            
2021-03-15 19:58:14	[32mINFO[0m	consumer/handler.go:32	recv content : Hello Leon       
2021-03-15 19:59:08	[32mINFO[0m	consumer/handler.go:32	recv content : Hello Leon 11111 
2021-03-15 20:25:39	[32mINFO[0m	service/message.go:28	message seq : 75
2021-03-15 20:25:39	[32mINFO[0m	service/message.go:34	get message : Hello Leon 11111
2021-03-15 20:25:39	[32mINFO[0m	redis/message.go:55	current message : eyJpZCI6NzUsInVpZCI6MTAsInJpZCI6MTAsInR5cGUiOjEsImNvbnRlbnQiOiJIZWxsbyBMZW9uIDExMTExIiwiZXh0cmEiOiJIZWxsbyIsImRhdGVsaW5lIjoxNjE1ODA5NTQ4fQ==
2021-03-15 20:25:39	[32mINFO[0m	redis/message.go:63	get message rank : 19
2021-03-15 20:25:47	[32mINFO[0m	service/message.go:28	message seq : 75
2021-03-15 20:25:47	[32mINFO[0m	service/message.go:34	get message : Hello Leon 11111
2021-03-15 20:25:47	[32mINFO[0m	redis/message.go:55	current message : eyJpZCI6NzUsInVpZCI6MTAsInJpZCI6MTAsInR5cGUiOjEsImNvbnRlbnQiOiJIZWxsbyBMZW9uIDExMTExIiwiZXh0cmEiOiJIZWxsbyIsImRhdGVsaW5lIjoxNjE1ODA5NTQ4fQ==
2021-03-15 20:25:47	[32mINFO[0m	redis/message.go:63	get message rank : 19
2021-03-15 20:25:53	[32mINFO[0m	service/message.go:28	message seq : 75
2021-03-15 20:25:53	[32mINFO[0m	service/message.go:34	get message : Hello Leon 11111
2021-03-15 20:25:53	[32mINFO[0m	redis/message.go:55	current message : eyJpZCI6NzUsInVpZCI6MTAsInJpZCI6MTAsInR5cGUiOjEsImNvbnRlbnQiOiJIZWxsbyBMZW9uIDExMTExIiwiZXh0cmEiOiJIZWxsbyIsImRhdGVsaW5lIjoxNjE1ODA5NTQ4fQ==
2021-03-15 20:25:53	[32mINFO[0m	redis/message.go:63	get message rank : 19
2021-03-15 20:25:56	[32mINFO[0m	service/message.go:28	message seq : 75
2021-03-15 20:25:56	[32mINFO[0m	service/message.go:34	get message : Hello Leon 11111
2021-03-15 20:25:56	[32mINFO[0m	redis/message.go:55	current message : eyJpZCI6NzUsInVpZCI6MTAsInJpZCI6MTAsInR5cGUiOjEsImNvbnRlbnQiOiJIZWxsbyBMZW9uIDExMTExIiwiZXh0cmEiOiJIZWxsbyIsImRhdGVsaW5lIjoxNjE1ODA5NTQ4fQ==
2021-03-15 20:25:56	[32mINFO[0m	redis/message.go:63	get message rank : 19
2021-03-15 20:26:00	[32mINFO[0m	service/message.go:28	message seq : 75
2021-03-15 20:26:00	[32mINFO[0m	service/message.go:34	get message : Hello Leon 11111
2021-03-15 20:26:00	[32mINFO[0m	redis/message.go:55	current message : eyJpZCI6NzUsInVpZCI6MTAsInJpZCI6MTAsInR5cGUiOjEsImNvbnRlbnQiOiJIZWxsbyBMZW9uIDExMTExIiwiZXh0cmEiOiJIZWxsbyIsImRhdGVsaW5lIjoxNjE1ODA5NTQ4fQ==
2021-03-15 20:26:00	[32mINFO[0m	redis/message.go:63	get message rank : 19
2021-03-15 20:27:15	[32mINFO[0m	service/message.go:28	message seq : 75
2021-03-15 20:27:15	[32mINFO[0m	service/message.go:34	get message : Hello Leon 11111
2021-03-15 20:27:15	[32mINFO[0m	redis/message.go:55	current message : eyJpZCI6NzUsInVpZCI6MTAsInJpZCI6MTAsInR5cGUiOjEsImNvbnRlbnQiOiJIZWxsbyBMZW9uIDExMTExIiwiZXh0cmEiOiJIZWxsbyIsImRhdGVsaW5lIjoxNjE1ODA5NTQ4fQ==
2021-03-15 20:27:15	[32mINFO[0m	redis/message.go:63	get message rank : 19
2021-03-15 20:27:20	[32mINFO[0m	service/message.go:28	message seq : 75
2021-03-15 20:27:20	[32mINFO[0m	service/message.go:34	get message : Hello Leon 11111
2021-03-15 20:27:20	[32mINFO[0m	redis/message.go:55	current message : eyJpZCI6NzUsInVpZCI6MTAsInJpZCI6MTAsInR5cGUiOjEsImNvbnRlbnQiOiJIZWxsbyBMZW9uIDExMTExIiwiZXh0cmEiOiJIZWxsbyIsImRhdGVsaW5lIjoxNjE1ODA5NTQ4fQ==
2021-03-15 20:27:20	[32mINFO[0m	redis/message.go:63	get message rank : 19
2021-03-15 20:32:02	[32mINFO[0m	service/message.go:28	message seq : 75
2021-03-15 20:32:02	[32mINFO[0m	service/message.go:34	get message : Hello Leon 11111
2021-03-15 20:32:02	[32mINFO[0m	redis/message.go:56	current message : eyJpZCI6NzUsInVpZCI6MTAsInJpZCI6MTAsInR5cGUiOjEsImNvbnRlbnQiOiJIZWxsbyBMZW9uIDExMTExIiwiZXh0cmEiOiJIZWxsbyIsImRhdGVsaW5lIjoxNjE1ODA5NTQ4fQ==
2021-03-15 20:32:02	[32mINFO[0m	redis/message.go:64	get message rank : 19
2021-03-15 20:32:08	[32mINFO[0m	service/message.go:28	message seq : 75
2021-03-15 20:32:08	[32mINFO[0m	service/message.go:34	get message : Hello Leon 11111
2021-03-15 20:32:08	[32mINFO[0m	redis/message.go:56	current message : eyJpZCI6NzUsInVpZCI6MTAsInJpZCI6MTAsInR5cGUiOjEsImNvbnRlbnQiOiJIZWxsbyBMZW9uIDExMTExIiwiZXh0cmEiOiJIZWxsbyIsImRhdGVsaW5lIjoxNjE1ODA5NTQ4fQ==
2021-03-15 20:32:08	[32mINFO[0m	redis/message.go:64	get message rank : 19
2021-03-15 20:32:10	[32mINFO[0m	service/message.go:28	message seq : 75
2021-03-15 20:32:10	[32mINFO[0m	service/message.go:34	get message : Hello Leon 11111
2021-03-15 20:32:10	[32mINFO[0m	redis/message.go:56	current message : eyJpZCI6NzUsInVpZCI6MTAsInJpZCI6MTAsInR5cGUiOjEsImNvbnRlbnQiOiJIZWxsbyBMZW9uIDExMTExIiwiZXh0cmEiOiJIZWxsbyIsImRhdGVsaW5lIjoxNjE1ODA5NTQ4fQ==
2021-03-15 20:32:10	[32mINFO[0m	redis/message.go:64	get message rank : 19
2021-03-15 20:32:12	[32mINFO[0m	service/message.go:28	message seq : 75
2021-03-15 20:32:12	[32mINFO[0m	service/message.go:34	get message : Hello Leon 11111
2021-03-15 20:32:12	[32mINFO[0m	redis/message.go:56	current message : eyJpZCI6NzUsInVpZCI6MTAsInJpZCI6MTAsInR5cGUiOjEsImNvbnRlbnQiOiJIZWxsbyBMZW9uIDExMTExIiwiZXh0cmEiOiJIZWxsbyIsImRhdGVsaW5lIjoxNjE1ODA5NTQ4fQ==
2021-03-15 20:32:12	[32mINFO[0m	redis/message.go:64	get message rank : 19
2021-03-15 20:32:16	[32mINFO[0m	service/message.go:28	message seq : 75
2021-03-15 20:32:16	[32mINFO[0m	service/message.go:34	get message : Hello Leon 11111
2021-03-15 20:32:16	[32mINFO[0m	redis/message.go:56	current message : eyJpZCI6NzUsInVpZCI6MTAsInJpZCI6MTAsInR5cGUiOjEsImNvbnRlbnQiOiJIZWxsbyBMZW9uIDExMTExIiwiZXh0cmEiOiJIZWxsbyIsImRhdGVsaW5lIjoxNjE1ODA5NTQ4fQ==
2021-03-15 20:32:16	[32mINFO[0m	redis/message.go:64	get message rank : 19
2021-03-15 20:32:19	[32mINFO[0m	service/message.go:28	message seq : 75
2021-03-15 20:32:19	[32mINFO[0m	service/message.go:34	get message : Hello Leon 11111
2021-03-15 20:32:19	[32mINFO[0m	redis/message.go:56	current message : eyJpZCI6NzUsInVpZCI6MTAsInJpZCI6MTAsInR5cGUiOjEsImNvbnRlbnQiOiJIZWxsbyBMZW9uIDExMTExIiwiZXh0cmEiOiJIZWxsbyIsImRhdGVsaW5lIjoxNjE1ODA5NTQ4fQ==
2021-03-15 20:32:19	[32mINFO[0m	redis/message.go:64	get message rank : 19
2021-03-15 20:32:19	[32mINFO[0m	service/message.go:28	message seq : 75
2021-03-15 20:32:19	[32mINFO[0m	service/message.go:34	get message : Hello Leon 11111
2021-03-15 20:32:19	[32mINFO[0m	redis/message.go:56	current message : eyJpZCI6NzUsInVpZCI6MTAsInJpZCI6MTAsInR5cGUiOjEsImNvbnRlbnQiOiJIZWxsbyBMZW9uIDExMTExIiwiZXh0cmEiOiJIZWxsbyIsImRhdGVsaW5lIjoxNjE1ODA5NTQ4fQ==
2021-03-15 20:32:19	[32mINFO[0m	redis/message.go:64	get message rank : 19
2021-03-15 20:32:22	[32mINFO[0m	service/message.go:28	message seq : 75
2021-03-15 20:32:22	[32mINFO[0m	service/message.go:34	get message : Hello Leon 11111
2021-03-15 20:32:22	[32mINFO[0m	redis/message.go:56	current message : eyJpZCI6NzUsInVpZCI6MTAsInJpZCI6MTAsInR5cGUiOjEsImNvbnRlbnQiOiJIZWxsbyBMZW9uIDExMTExIiwiZXh0cmEiOiJIZWxsbyIsImRhdGVsaW5lIjoxNjE1ODA5NTQ4fQ==
2021-03-15 20:32:22	[32mINFO[0m	redis/message.go:64	get message rank : 19
2021-03-15 20:32:23	[32mINFO[0m	service/message.go:28	message seq : 75
2021-03-15 20:32:23	[32mINFO[0m	service/message.go:34	get message : Hello Leon 11111
2021-03-15 20:32:23	[32mINFO[0m	redis/message.go:56	current message : eyJpZCI6NzUsInVpZCI6MTAsInJpZCI6MTAsInR5cGUiOjEsImNvbnRlbnQiOiJIZWxsbyBMZW9uIDExMTExIiwiZXh0cmEiOiJIZWxsbyIsImRhdGVsaW5lIjoxNjE1ODA5NTQ4fQ==
2021-03-15 20:32:23	[32mINFO[0m	redis/message.go:64	get message rank : 19
2021-03-15 20:32:25	[32mINFO[0m	consumer/handler.go:32	recv content : Hello Leon 22222 
2021-03-15 20:32:27	[32mINFO[0m	service/message.go:28	message seq : 75
2021-03-15 20:32:27	[32mINFO[0m	service/message.go:34	get message : Hello Leon 11111
2021-03-15 20:32:27	[32mINFO[0m	redis/message.go:56	current message : eyJpZCI6NzUsInVpZCI6MTAsInJpZCI6MTAsInR5cGUiOjEsImNvbnRlbnQiOiJIZWxsbyBMZW9uIDExMTExIiwiZXh0cmEiOiJIZWxsbyIsImRhdGVsaW5lIjoxNjE1ODA5NTQ4fQ==
2021-03-15 20:32:27	[32mINFO[0m	redis/message.go:64	get message rank : 19
2021-03-15 20:32:30	[32mINFO[0m	service/message.go:28	message seq : 76
2021-03-15 20:32:30	[32mINFO[0m	service/message.go:34	get message : Hello Leon 22222
2021-03-15 20:32:30	[32mINFO[0m	redis/message.go:56	current message : eyJpZCI6NzYsInVpZCI6MTAsInJpZCI6MTAsInR5cGUiOjEsImNvbnRlbnQiOiJIZWxsbyBMZW9uIDIyMjIyIiwiZXh0cmEiOiJIZWxsbyIsImRhdGVsaW5lIjoxNjE1ODExNTQ1fQ==
2021-03-15 20:32:30	[32mINFO[0m	redis/message.go:64	get message rank : 20
2021-03-15 20:32:30	[32mINFO[0m	service/message.go:28	message seq : 76
2021-03-15 20:32:30	[32mINFO[0m	service/message.go:34	get message : Hello Leon 22222
2021-03-15 20:32:30	[32mINFO[0m	redis/message.go:56	current message : eyJpZCI6NzYsInVpZCI6MTAsInJpZCI6MTAsInR5cGUiOjEsImNvbnRlbnQiOiJIZWxsbyBMZW9uIDIyMjIyIiwiZXh0cmEiOiJIZWxsbyIsImRhdGVsaW5lIjoxNjE1ODExNTQ1fQ==
2021-03-15 20:32:30	[32mINFO[0m	redis/message.go:64	get message rank : 20
2021-03-15 20:32:31	[32mINFO[0m	consumer/handler.go:32	recv content : Hello Leon 33333 
2021-03-15 20:32:33	[32mINFO[0m	consumer/handler.go:32	recv content : Hello Leon 4444  
2021-03-15 20:32:35	[32mINFO[0m	service/message.go:28	message seq : 76
2021-03-15 20:32:35	[32mINFO[0m	service/message.go:34	get message : Hello Leon 22222
2021-03-15 20:32:35	[32mINFO[0m	redis/message.go:56	current message : eyJpZCI6NzYsInVpZCI6MTAsInJpZCI6MTAsInR5cGUiOjEsImNvbnRlbnQiOiJIZWxsbyBMZW9uIDIyMjIyIiwiZXh0cmEiOiJIZWxsbyIsImRhdGVsaW5lIjoxNjE1ODExNTQ1fQ==
2021-03-15 20:32:35	[32mINFO[0m	redis/message.go:64	get message rank : 20
2021-03-15 20:32:36	[32mINFO[0m	consumer/handler.go:32	recv content : Hello Leon 5555  
2021-03-15 20:32:38	[32mINFO[0m	service/message.go:28	message seq : 78
2021-03-15 20:32:38	[32mINFO[0m	service/message.go:34	get message : Hello Leon 4444
2021-03-15 20:32:38	[32mINFO[0m	redis/message.go:56	current message : eyJpZCI6NzgsInVpZCI6MTAsInJpZCI6MTAsInR5cGUiOjEsImNvbnRlbnQiOiJIZWxsbyBMZW9uIDQ0NDQiLCJleHRyYSI6IkhlbGxvIiwiZGF0ZWxpbmUiOjE2MTU4MTE1NTN9
2021-03-15 20:32:38	[32mINFO[0m	redis/message.go:64	get message rank : 22
2021-03-15 20:32:38	[32mINFO[0m	consumer/handler.go:32	recv content : Hello Leon 66666 
2021-03-15 20:32:39	[32mINFO[0m	service/message.go:28	message seq : 79
2021-03-15 20:32:39	[32mINFO[0m	service/message.go:34	get message : Hello Leon 5555
2021-03-15 20:32:39	[32mINFO[0m	redis/message.go:56	current message : eyJpZCI6NzksInVpZCI6MTAsInJpZCI6MTAsInR5cGUiOjEsImNvbnRlbnQiOiJIZWxsbyBMZW9uIDU1NTUiLCJleHRyYSI6IkhlbGxvIiwiZGF0ZWxpbmUiOjE2MTU4MTE1NTZ9
2021-03-15 20:32:39	[32mINFO[0m	redis/message.go:64	get message rank : 23
2021-03-15 20:32:41	[32mINFO[0m	service/message.go:28	message seq : 80
2021-03-15 20:32:41	[32mINFO[0m	service/message.go:34	get message : Hello Leon 66666
2021-03-15 20:32:41	[32mINFO[0m	redis/message.go:56	current message : eyJpZCI6ODAsInVpZCI6MTAsInJpZCI6MTAsInR5cGUiOjEsImNvbnRlbnQiOiJIZWxsbyBMZW9uIDY2NjY2IiwiZXh0cmEiOiJIZWxsbyIsImRhdGVsaW5lIjoxNjE1ODExNTU4fQ==
2021-03-15 20:32:41	[32mINFO[0m	redis/message.go:64	get message rank : 24
2021-03-15 20:32:41	[32mINFO[0m	consumer/handler.go:32	recv content : Hello Leon 77777 
2021-03-15 20:32:44	[32mINFO[0m	service/message.go:28	message seq : 80
2021-03-15 20:32:44	[32mINFO[0m	service/message.go:34	get message : Hello Leon 66666
2021-03-15 20:32:44	[32mINFO[0m	redis/message.go:56	current message : eyJpZCI6ODAsInVpZCI6MTAsInJpZCI6MTAsInR5cGUiOjEsImNvbnRlbnQiOiJIZWxsbyBMZW9uIDY2NjY2IiwiZXh0cmEiOiJIZWxsbyIsImRhdGVsaW5lIjoxNjE1ODExNTU4fQ==
2021-03-15 20:32:44	[32mINFO[0m	redis/message.go:64	get message rank : 24
2021-03-15 20:32:48	[32mINFO[0m	service/message.go:28	message seq : 81
2021-03-15 20:32:48	[32mINFO[0m	service/message.go:34	get message : Hello Leon 77777
2021-03-15 20:32:48	[32mINFO[0m	redis/message.go:56	current message : eyJpZCI6ODEsInVpZCI6MTAsInJpZCI6MTAsInR5cGUiOjEsImNvbnRlbnQiOiJIZWxsbyBMZW9uIDc3Nzc3IiwiZXh0cmEiOiJIZWxsbyIsImRhdGVsaW5lIjoxNjE1ODExNTYxfQ==
2021-03-15 20:32:48	[32mINFO[0m	redis/message.go:64	get message rank : 25
2021-03-15 20:32:48	[32mINFO[0m	service/message.go:28	message seq : 81
2021-03-15 20:32:48	[32mINFO[0m	service/message.go:34	get message : Hello Leon 77777
2021-03-15 20:32:48	[32mINFO[0m	redis/message.go:56	current message : eyJpZCI6ODEsInVpZCI6MTAsInJpZCI6MTAsInR5cGUiOjEsImNvbnRlbnQiOiJIZWxsbyBMZW9uIDc3Nzc3IiwiZXh0cmEiOiJIZWxsbyIsImRhdGVsaW5lIjoxNjE1ODExNTYxfQ==
2021-03-15 20:32:48	[32mINFO[0m	redis/message.go:64	get message rank : 25
2021-03-15 20:32:49	[32mINFO[0m	service/message.go:28	message seq : 81
2021-03-15 20:32:49	[32mINFO[0m	service/message.go:34	get message : Hello Leon 77777
2021-03-15 20:32:49	[32mINFO[0m	redis/message.go:56	current message : eyJpZCI6ODEsInVpZCI6MTAsInJpZCI6MTAsInR5cGUiOjEsImNvbnRlbnQiOiJIZWxsbyBMZW9uIDc3Nzc3IiwiZXh0cmEiOiJIZWxsbyIsImRhdGVsaW5lIjoxNjE1ODExNTYxfQ==
2021-03-15 20:32:49	[32mINFO[0m	redis/message.go:64	get message rank : 25
2021-03-15 20:32:50	[32mINFO[0m	service/message.go:28	message seq : 81
2021-03-15 20:32:50	[32mINFO[0m	service/message.go:34	get message : Hello Leon 77777
2021-03-15 20:32:50	[32mINFO[0m	redis/message.go:56	current message : eyJpZCI6ODEsInVpZCI6MTAsInJpZCI6MTAsInR5cGUiOjEsImNvbnRlbnQiOiJIZWxsbyBMZW9uIDc3Nzc3IiwiZXh0cmEiOiJIZWxsbyIsImRhdGVsaW5lIjoxNjE1ODExNTYxfQ==
2021-03-15 20:32:50	[32mINFO[0m	redis/message.go:64	get message rank : 25
2021-03-15 20:32:52	[32mINFO[0m	service/message.go:28	message seq : 81
2021-03-15 20:32:52	[32mINFO[0m	service/message.go:34	get message : Hello Leon 77777
2021-03-15 20:32:52	[32mINFO[0m	redis/message.go:56	current message : eyJpZCI6ODEsInVpZCI6MTAsInJpZCI6MTAsInR5cGUiOjEsImNvbnRlbnQiOiJIZWxsbyBMZW9uIDc3Nzc3IiwiZXh0cmEiOiJIZWxsbyIsImRhdGVsaW5lIjoxNjE1ODExNTYxfQ==
2021-03-15 20:32:52	[32mINFO[0m	redis/message.go:64	get message rank : 25
2021-03-15 20:32:55	[32mINFO[0m	service/message.go:28	message seq : 81
2021-03-15 20:32:55	[32mINFO[0m	service/message.go:34	get message : Hello Leon 77777
2021-03-15 20:32:55	[32mINFO[0m	redis/message.go:56	current message : eyJpZCI6ODEsInVpZCI6MTAsInJpZCI6MTAsInR5cGUiOjEsImNvbnRlbnQiOiJIZWxsbyBMZW9uIDc3Nzc3IiwiZXh0cmEiOiJIZWxsbyIsImRhdGVsaW5lIjoxNjE1ODExNTYxfQ==
2021-03-15 20:32:55	[32mINFO[0m	redis/message.go:64	get message rank : 25
